This is pdfTeX, Version 3.14159265-2.6-1.40.19 (MiKTeX 2.9.6930) (preloaded format=pdflatex 2019.1.26)  28 JAN 2019 12:39
entering extended mode
**./chapterTut.tex
(chapterTut.tex
LaTeX2e <2018-12-01>

("C:\Users\Mr. Erbynn\AppData\Local\Programs\MiKTeX 2.9\tex/latex/base\report.c
ls"
Document Class: report 2018/09/03 v1.4i Standard LaTeX document class

("C:\Users\Mr. Erbynn\AppData\Local\Programs\MiKTeX 2.9\tex/latex/base\size10.c
lo"
File: size10.clo 2018/09/03 v1.4i Standard LaTeX file (size option)
)
\c@part=\count80
\c@chapter=\count81
\c@section=\count82
\c@subsection=\count83
\c@subsubsection=\count84
\c@paragraph=\count85
\c@subparagraph=\count86
\c@figure=\count87
\c@table=\count88
\abovecaptionskip=\skip41
\belowcaptionskip=\skip42
\bibindent=\dimen102
) (chapterTut.aux)
\openout1 = `chapterTut.aux'.

LaTeX Font Info:    Checking defaults for OML/cmm/m/it on input line 3.
LaTeX Font Info:    ... okay on input line 3.
LaTeX Font Info:    Checking defaults for T1/cmr/m/n on input line 3.
LaTeX Font Info:    ... okay on input line 3.
LaTeX Font Info:    Checking defaults for OT1/cmr/m/n on input line 3.
LaTeX Font Info:    ... okay on input line 3.
LaTeX Font Info:    Checking defaults for OMS/cmsy/m/n on input line 3.
LaTeX Font Info:    ... okay on input line 3.
LaTeX Font Info:    Checking defaults for OMX/cmex/m/n on input line 3.
LaTeX Font Info:    ... okay on input line 3.
LaTeX Font Info:    Checking defaults for U/cmr/m/n on input line 3.
LaTeX Font Info:    ... okay on input line 3.
 (chapterTut.toc
LaTeX Font Info:    External font `cmex10' loaded for size
(Font)              <7> on input line 1.
LaTeX Font Info:    External font `cmex10' loaded for size
(Font)              <5> on input line 1.
)
\tf@toc=\write3
\openout3 = `chapterTut.toc'.

 [1


{C:/Users/Mr. Erbynn/AppData/Local/MiKTeX/2.9/pdftex/config/pdftex.map}]
Chapter 1.
[2

]
Chapter 2.
[3

] (chapterTut.aux) ) 
Here is how much of TeX's memory you used:
 238 strings out of 492946
 2940 string characters out of 3124044
 60565 words of memory out of 3000000
 4215 multiletter control sequences out of 15000+200000
 6062 words of font info for 22 fonts, out of 3000000 for 9000
 1141 hyphenation exceptions out of 8191
 23i,4n,18p,147b,113s stack positions out of 5000i,500n,10000p,200000b,50000s
<C:/Users/Mr. Erbynn/AppData/Local/Programs/MiKTeX 2.9/font
s/type1/public/amsfonts/cm/cmbx12.pfb><C:/Users/Mr. Erbynn/AppData/Local/Progra
ms/MiKTeX 2.9/fonts/type1/public/amsfonts/cm/cmr10.pfb>
Output written on chapterTut.pdf (3 pages, 34342 bytes).
PDF statistics:
 20 PDF objects out of 1000 (max. 8388607)
 0 named destinations out of 1000 (max. 500000)
 1 words of extra memory for PDF output out of 10000 (max. 10000000)

